<?xml version="1.0" encoding="UTF-8"?>
<!-- Generated by org.testng.reporters.JUnitReportReporter -->
<testsuite skipped="0" hostname="DESKTOP-BESE2RE" name="tests.searchApartment.SearchApartmentTest" tests="1" failures="0" timestamp="27 фев 2023 21:50:15 GMT" time="10.048" errors="0">
  <testcase name="checkInRedirectToListing" time="10.048" classname="tests.searchApartment.SearchApartmentTest"/>
</testsuite> <!-- tests.searchApartment.SearchApartmentTest -->
